<?xml version="1.0" encoding="UTF-8"?>
<!-- Generated by org.testng.reporters.JUnitReportReporter -->
<testsuite hostname="WKSPUN05GTR0523" failures="0" tests="2" name="tests.TestExamples" time="2.746" errors="0" timestamp="2025-05-16T18:50:34 IST" skipped="0">
  <testcase classname="tests.TestExamples" name="testA" time="1.849"/>
  <testcase classname="tests.TestExamples" name="testB" time="0.897"/>
</testsuite> <!-- tests.TestExamples -->
