<?xml version="1.0" encoding="UTF-8"?>
<!-- Generated by org.testng.reporters.JUnitReportReporter -->
<testsuite hostname="WKSPUN05GTR0523" failures="0" tests="1" name="tests.TestExamples" time="2.195" errors="0" timestamp="2025-05-16T17:51:02 IST" skipped="0">
  <testcase classname="tests.TestExamples" name="testA" time="2.195"/>
</testsuite> <!-- tests.TestExamples -->
