<?xml version="1.0" encoding="UTF-8"?>
<!-- Generated by org.testng.reporters.JUnitReportReporter -->
<testsuite hostname="WKSPUN05GTR0523" failures="0" tests="1" name="tests.GetAndPostExamples" time="2.246" errors="0" timestamp="2025-05-16T19:31:49 IST" skipped="0">
  <testcase classname="tests.GetAndPostExamples" name="testPost" time="2.246"/>
</testsuite> <!-- tests.GetAndPostExamples -->
