<?xml version="1.0" encoding="UTF-8"?>
<!-- Generated by org.testng.reporters.JUnitReportReporter -->
<testsuite hostname="LAPTOP-O2T3L75J" failures="0" tests="3" name="tests.NonBDDStyle" time="5.316" errors="0" timestamp="2025-05-17T02:14:08 IST" skipped="0">
  <testcase classname="tests.NonBDDStyle" name="testPatch" time="0.623"/>
  <testcase classname="tests.NonBDDStyle" name="testDelete" time="4.269"/>
  <testcase classname="tests.NonBDDStyle" name="testPut" time="0.424"/>
</testsuite> <!-- tests.NonBDDStyle -->
