<?xml version="1.0" encoding="UTF-8"?>
<!-- Generated by org.testng.reporters.JUnitReportReporter -->
<testsuite hostname="LAPTOP-O2T3L75J" failures="0" tests="3" name="tests.PutPatchDelete" time="5.455" errors="0" timestamp="2025-05-17T02:06:12 IST" skipped="0">
  <testcase classname="tests.PutPatchDelete" name="testPut" time="0.433"/>
  <testcase classname="tests.PutPatchDelete" name="testPatch" time="0.654"/>
  <testcase classname="tests.PutPatchDelete" name="testDelete" time="4.368"/>
</testsuite> <!-- tests.PutPatchDelete -->
